<?xml version="1.0" encoding="UTF-8"?>
<!-- Generated by org.testng.reporters.JUnitReportReporter -->
<testsuite hostname="DESKTOP-DKP1646" failures="0" tests="1" name="TestCase.Tc_005Shoppingcart" time="86.495" errors="0" timestamp="2024-03-11T14:16:28 IST" skipped="0">
  <testcase classname="TestCase.Tc_005Shoppingcart" name="Shopping" time="86.495"/>
  <system-out/>
</testsuite> <!-- TestCase.Tc_005Shoppingcart -->
