<?xml version="1.0" encoding="UTF-8"?>
<!-- Generated by org.testng.reporters.JUnitReportReporter -->
<testsuite hostname="DESKTOP-DKP1646" failures="0" tests="20" name="TestCase.Tc_003AllMenu" time="1499.973" errors="0" timestamp="2024-03-10T22:07:03 IST" skipped="0">
  <testcase classname="TestCase.Tc_003AllMenu" name="dealvaliate" time="73.273"/>
  <system-out/>
  <testcase classname="TestCase.Tc_003AllMenu" name="supportservicevaliate" time="83.462"/>
  <system-out/>
  <testcase classname="TestCase.Tc_003AllMenu" name="brandvaliate" time="72.985"/>
  <system-out/>
  <testcase classname="TestCase.Tc_003AllMenu" name="appliancevaliate" time="47.781"/>
  <system-out/>
  <testcase classname="TestCase.Tc_003AllMenu" name="tvandhometheatervaliate" time="73.519"/>
  <system-out/>
  <testcase classname="TestCase.Tc_003AllMenu" name="computerAndLaptopValiate" time="64.499"/>
  <system-out/>
  <testcase classname="TestCase.Tc_003AllMenu" name="cellphoneValiate" time="60.974"/>
  <system-out/>
  <testcase classname="TestCase.Tc_003AllMenu" name="audioValiate" time="68.635"/>
  <system-out/>
  <testcase classname="TestCase.Tc_003AllMenu" name="videoGameValiate" time="79.039"/>
  <system-out/>
  <testcase classname="TestCase.Tc_003AllMenu" name="cameraValiate" time="72.402"/>
  <system-out/>
  <testcase classname="TestCase.Tc_003AllMenu" name="homefurnitureValiate" time="71.664"/>
  <system-out/>
  <testcase classname="TestCase.Tc_003AllMenu" name="smarthomeValiate" time="84.045"/>
  <system-out/>
  <testcase classname="TestCase.Tc_003AllMenu" name="carelectronicsValiate" time="84.711"/>
  <system-out/>
  <testcase classname="TestCase.Tc_003AllMenu" name="movieandmusicValiate" time="76.001"/>
  <system-out/>
  <testcase classname="TestCase.Tc_003AllMenu" name="wearbleValiate" time="94.481"/>
  <system-out/>
  <testcase classname="TestCase.Tc_003AllMenu" name="healthwelnessValiate" time="93.849"/>
  <system-out/>
  <testcase classname="TestCase.Tc_003AllMenu" name="outdoorandlivingValiate" time="87.330"/>
  <system-out/>
  <testcase classname="TestCase.Tc_003AllMenu" name="toygameValiate" time="61.726"/>
  <system-out/>
  <testcase classname="TestCase.Tc_003AllMenu" name="electrictransportationValiate" time="65.102"/>
  <system-out/>
  <testcase classname="TestCase.Tc_003AllMenu" name="newandfeaturedValiate" time="84.495"/>
  <system-out/>
</testsuite> <!-- TestCase.Tc_003AllMenu -->
