<?xml version="1.0" encoding="UTF-8"?>
<!-- Generated by org.testng.reporters.JUnitReportReporter -->
<testsuite hostname="DESKTOP-DKP1646" failures="0" tests="1" name="TestCase.testsample" time="24.525" errors="0" timestamp="2024-03-09T19:36:21 IST" skipped="0">
  <testcase classname="TestCase.testsample" name="name" time="24.525"/>
  <system-out/>
</testsuite> <!-- TestCase.testsample -->
