<?xml version="1.0" encoding="UTF-8"?>
<!-- Generated by org.testng.reporters.JUnitReportReporter -->
<testsuite hostname="DESKTOP-DKP1646" failures="0" tests="1" name="TestCase.Tc_006Shopbydepartment" time="109.706" errors="0" timestamp="2024-03-12T20:06:45 IST" skipped="0">
  <testcase classname="TestCase.Tc_006Shopbydepartment" name="Shopbydepartment" time="109.706"/>
  <system-out/>
</testsuite> <!-- TestCase.Tc_006Shopbydepartment -->
