<?xml version="1.0" encoding="UTF-8"?>
<!-- Generated by org.testng.reporters.JUnitReportReporter -->
<testsuite hostname="DESKTOP-DKP1646" failures="0" tests="1" name="TestCase.Tc_007SelectAbyBrands" time="89.094" errors="0" timestamp="2024-03-18T14:39:48 IST" skipped="0">
  <testcase classname="TestCase.Tc_007SelectAbyBrands" name="SelectAbyBrands" time="89.094"/>
  <system-out/>
</testsuite> <!-- TestCase.Tc_007SelectAbyBrands -->
