<?xml version="1.0" encoding="UTF-8"?>
<!-- Generated by org.testng.reporters.JUnitReportReporter -->
<testsuite hostname="DESKTOP-DKP1646" failures="0" tests="1" name="TestCase.Tc_004Bottamlink" time="46.760" errors="0" timestamp="2024-03-11T12:35:47 IST" skipped="0">
  <testcase classname="TestCase.Tc_004Bottamlink" name="bottomlink" time="46.760"/>
  <system-out/>
</testsuite> <!-- TestCase.Tc_004Bottamlink -->
