<?xml version="1.0" encoding="UTF-8"?>
<!-- Generated by org.testng.reporters.JUnitReportReporter -->
<testsuite hostname="DESKTOP-DKP1646" failures="0" tests="1" name="TestCase.Tc_001SignIn" time="65.695" errors="0" timestamp="2024-03-10T13:21:46 IST" skipped="0">
  <testcase classname="TestCase.Tc_001SignIn" name="SignIn" time="65.695"/>
  <system-out/>
</testsuite> <!-- TestCase.Tc_001SignIn -->
